<?xml version="1.0" encoding="UTF-8"?>
<testng-results skipped="0" failed="0" ignored="0" total="1" passed="1">
  <reporter-output>
  </reporter-output>
  <suite name="Default suite" duration-ms="8598" started-at="2021-03-05T11:57:27 EST" finished-at="2021-03-05T11:57:36 EST">
    <groups>
    </groups>
    <test name="Default test" duration-ms="8598" started-at="2021-03-05T11:57:27 EST" finished-at="2021-03-05T11:57:36 EST">
      <class name="testcases.DELETE_A_Product">
        <test-method status="PASS" signature="delete_A_Product()[pri:0, instance:testcases.DELETE_A_Product@6acdbdf5]" name="delete_A_Product" duration-ms="8407" started-at="2021-03-05T11:57:27 EST" finished-at="2021-03-05T11:57:36 EST">
          <reporter-output>
          </reporter-output>
        </test-method> <!-- delete_A_Product -->
      </class> <!-- testcases.DELETE_A_Product -->
    </test> <!-- Default test -->
  </suite> <!-- Default suite -->
</testng-results>
